#
# A fatal error has been detected by the Java Runtime Environment:
#
#  EXCEPTION_ACCESS_VIOLATION (0xc0000005) at pc=0x0000000180003990, pid=640, tid=0x0000000000001670
#
# JRE version: Java(TM) SE Runtime Environment (8.0_261-b12) (build 1.8.0_261-b12)
# Java VM: Java HotSpot(TM) 64-Bit Server VM (25.261-b12 mixed mode windows-amd64 compressed oops)
# Problematic frame:
# C  [rxtxSerial.dll+0x3990]
#
# Failed to write core dump. Minidumps are not enabled by default on client versions of Windows
#
# If you would like to submit a bug report, please visit:
#   http://bugreport.java.com/bugreport/crash.jsp
# The crash happened outside the Java Virtual Machine in native code.
# See problematic frame for where to report the bug.
#

---------------  T H R E A D  ---------------

Current thread (0x000001ecd74a3800):  JavaThread "Thread-3" [_thread_in_native, id=5744, stack(0x0000001479000000,0x0000001479100000)]

siginfo: ExceptionCode=0xc0000005, reading address 0x0000000078fff0a8

Registers:
RAX=0x0000000078fff0a0, RBX=0x0000000000000000, RCX=0x000000018001d4d5, RDX=0xfffffffffffff665
RSP=0x00000014790feba0, RBP=0x00000000ffffffff, RSI=0x0000000000000001, RDI=0x0000000000000000
R8 =0x0000000000000002, R9 =0xfffffffffffff63c, R10=0x000001ecd735e3b0, R11=0x8101010101010100
R12=0x0000000078fff0a0, R13=0x0000000000000001, R14=0x0000000000000001, R15=0x0000000000000000
RIP=0x0000000180003990, EFLAGS=0x0000000000010206

Top of Stack: (sp=0x00000014790feba0)
0x00000014790feba0:   0000000000000000 00000014790fed70
0x00000014790febb0:   0000000000000001 0000000000000000
0x00000014790febc0:   000001ecd74a3800 00000000ffffffff
0x00000014790febd0:   0000000000000001 0000000000000000
0x00000014790febe0:   000001ecd74a39f8 0000000000000001
0x00000014790febf0:   00000014790fed70 000000018000535a
0x00000014790fec00:   000001ecd7877010 00000014790fed70
0x00000014790fec10:   0000000000000001 000001ecd7877010
0x00000014790fec20:   0000001400000001 00000000ffffffff
0x00000014790fec30:   00000014790fed78 0000000000000000
0x00000014790fec40:   000001ecd6bd6fc8 000001ecd58bbe40
0x00000014790fec50:   000001ecd6bd6fc8 000001ecd74a3800
0x00000014790fec60:   000001ecd6bd6fc8 000001ecd74a3800
0x00000014790fec70:   000001ecc38f7e80 0000a6e44e063ced
0x00000014790fec80:   00000014790fed78 000001ecd6bd6fc0
0x00000014790fec90:   0000000000000000 000001ecc38f7e80 

Instructions: (pc=0x0000000180003990)
0x0000000180003970:   00 44 8b fb 8b fb e8 95 fe ff ff 8b ac 24 88 00
0x0000000180003980:   00 00 44 8b b4 24 80 00 00 00 4c 63 e0 41 8b f6
0x0000000180003990:   45 8b 6c 24 08 41 89 5c 24 08 85 ed 78 09 ff 15
0x00000001800039a0:   5c 36 01 00 44 8b f8 45 85 f6 7e 4d 0f 1f 40 00 


Register to memory mapping:

RAX=0x0000000078fff0a0 is an unknown value
RBX=0x0000000000000000 is an unknown value
RCX=0x000000018001d4d5 is an unknown value
RDX=0xfffffffffffff665 is an unknown value
RSP=0x00000014790feba0 is pointing into the stack for thread: 0x000001ecd74a3800
RBP=0x00000000ffffffff is an unallocated location in the heap
RSI=0x0000000000000001 is an unknown value
RDI=0x0000000000000000 is an unknown value
R8 =0x0000000000000002 is an unknown value
R9 =0xfffffffffffff63c is an unknown value
R10=0x000001ecd735e3b0 is an unknown value
R11=0x8101010101010100 is an unknown value
R12=0x0000000078fff0a0 is an unknown value
R13=0x0000000000000001 is an unknown value
R14=0x0000000000000001 is an unknown value
R15=0x0000000000000000 is an unknown value


Stack: [0x0000001479000000,0x0000001479100000],  sp=0x00000014790feba0,  free space=1018k
Native frames: (J=compiled Java code, j=interpreted, Vv=VM code, C=native code)
C  [rxtxSerial.dll+0x3990]
C  [rxtxSerial.dll+0x535a]
C  0x000001ecc3914c47

Java frames: (J=compiled Java code, j=interpreted, Vv=VM code)
j  gnu.io.RXTXPort.readArray([BII)I+0
j  gnu.io.RXTXPort$SerialInputStream.read([BII)I+212
j  gnu.io.RXTXPort$SerialInputStream.read([B)I+60
j  controle.PortaSerial$SerialReader.run()V+11
j  java.lang.Thread.run()V+11
v  ~StubRoutines::call_stub

---------------  P R O C E S S  ---------------

Java Threads: ( => current thread )
=>0x000001ecd74a3800 JavaThread "Thread-3" [_thread_in_native, id=5744, stack(0x0000001479000000,0x0000001479100000)]
  0x000001ecd74a8000 JavaThread "Thread-2" [_thread_in_native, id=1960, stack(0x0000001478f00000,0x0000001479000000)]
  0x000001ecd743b000 JavaThread "org.netbeans.modules.debugger.jpda.visual AWT Access Loop" daemon [_thread_blocked, id=4008, stack(0x0000001478e00000,0x0000001478f00000)]
  0x000001ecc1f02800 JavaThread "DestroyJavaVM" [_thread_blocked, id=1872, stack(0x0000001477400000,0x0000001477500000)]
  0x000001ecd73b9800 JavaThread "AWT-EventQueue-0" [_thread_blocked, id=2900, stack(0x0000001478900000,0x0000001478a00000)]
  0x000001ecd6754800 JavaThread "AWT-Windows" daemon [_thread_in_native, id=1724, stack(0x0000001478800000,0x0000001478900000)]
  0x000001ecd674f000 JavaThread "AWT-Shutdown" [_thread_blocked, id=5560, stack(0x0000001478700000,0x0000001478800000)]
  0x000001ecd674b800 JavaThread "Java2D Disposer" daemon [_thread_blocked, id=4992, stack(0x0000001478600000,0x0000001478700000)]
  0x000001ecd5857000 JavaThread "Service Thread" daemon [_thread_blocked, id=4416, stack(0x0000001478400000,0x0000001478500000)]
  0x000001ecd5848000 JavaThread "C1 CompilerThread2" daemon [_thread_blocked, id=3584, stack(0x0000001478300000,0x0000001478400000)]
  0x000001ecd57f3000 JavaThread "C2 CompilerThread1" daemon [_thread_blocked, id=4668, stack(0x0000001478200000,0x0000001478300000)]
  0x000001ecd57f1000 JavaThread "C2 CompilerThread0" daemon [_thread_blocked, id=4680, stack(0x0000001478100000,0x0000001478200000)]
  0x000001ecd57e3800 JavaThread "JDWP Command Reader" daemon [_thread_in_native, id=2672, stack(0x0000001478000000,0x0000001478100000)]
  0x000001ecd57df800 JavaThread "JDWP Event Helper Thread" daemon [_thread_blocked, id=5876, stack(0x0000001477f00000,0x0000001478000000)]
  0x000001ecd57dc000 JavaThread "JDWP Transport Listener: dt_shmem" daemon [_thread_blocked, id=3628, stack(0x0000001477e00000,0x0000001477f00000)]
  0x000001ecd57c9000 JavaThread "Attach Listener" daemon [_thread_blocked, id=3672, stack(0x0000001477d00000,0x0000001477e00000)]
  0x000001ecd57c8000 JavaThread "Signal Dispatcher" daemon [_thread_blocked, id=4628, stack(0x0000001477c00000,0x0000001477d00000)]
  0x000001ecd505e000 JavaThread "Finalizer" daemon [_thread_blocked, id=2300, stack(0x0000001477b00000,0x0000001477c00000)]
  0x000001ecd505b000 JavaThread "Reference Handler" daemon [_thread_blocked, id=4104, stack(0x0000001477a00000,0x0000001477b00000)]

Other Threads:
  0x000001ecd5782000 VMThread [stack: 0x0000001477900000,0x0000001477a00000] [id=3124]
  0x000001ecd585d000 WatcherThread [stack: 0x0000001478500000,0x0000001478600000] [id=4564]

VM state:not at safepoint (normal execution)

VM Mutex/Monitor currently owned by a thread: None

heap address: 0x00000000d2400000, size: 732 MB, Compressed Oops mode: 32-bit
Narrow klass base: 0x0000000000000000, Narrow klass shift: 3
Compressed class space size: 1073741824 Address: 0x0000000100000000

Heap:
 PSYoungGen      total 13824K, used 7490K [0x00000000f0c00000, 0x00000000f1b00000, 0x0000000100000000)
  eden space 12288K, 60% used [0x00000000f0c00000,0x00000000f1350a90,0x00000000f1800000)
  from space 1536K, 0% used [0x00000000f1980000,0x00000000f1980000,0x00000000f1b00000)
  to   space 1536K, 0% used [0x00000000f1800000,0x00000000f1800000,0x00000000f1980000)
 ParOldGen       total 31744K, used 0K [0x00000000d2400000, 0x00000000d4300000, 0x00000000f0c00000)
  object space 31744K, 0% used [0x00000000d2400000,0x00000000d2400000,0x00000000d4300000)
 Metaspace       used 11215K, capacity 11488K, committed 11776K, reserved 1058816K
  class space    used 1365K, capacity 1462K, committed 1536K, reserved 1048576K

Card table byte_map: [0x000001ecd2cb0000,0x000001ecd2e20000] byte_map_base: 0x000001ecd261e000

Marking Bits: (ParMarkBitMap*) 0x0000000051d14fb0
 Begin Bits: [0x000001ecd2f20000, 0x000001ecd3a90000)
 End Bits:   [0x000001ecd3a90000, 0x000001ecd4600000)

Polling page: 0x000001ecc20d0000

CodeCache: size=245760Kb used=2887Kb max_used=2887Kb free=242872Kb
 bounds [0x000001ecc38f0000, 0x000001ecc3bd0000, 0x000001ecd28f0000]
 total_blobs=1186 nmethods=711 adapters=396
 compilation: enabled

Compilation events (10 events):
Event: 9.964 Thread 0x000001ecd5848000  707       3       java.util.concurrent.locks.AbstractQueuedSynchronizer$ConditionObject::checkInterruptWhileWaiting (27 bytes)
Event: 9.965 Thread 0x000001ecd5848000 nmethod 707 0x000001ecc3bc1210 code [0x000001ecc3bc13e0, 0x000001ecc3bc1a60]
Event: 9.967 Thread 0x000001ecd5848000  708       3       java.awt.KeyboardFocusManager::checkKFMSecurity (11 bytes)
Event: 9.968 Thread 0x000001ecd5848000 nmethod 708 0x000001ecc3bc1cd0 code [0x000001ecc3bc1ea0, 0x000001ecc3bc23c0]
Event: 11.724 Thread 0x000001ecd5848000  709       1       java.awt.Component::getTreeLock (4 bytes)
Event: 11.724 Thread 0x000001ecd5848000 nmethod 709 0x000001ecc3bc25d0 code [0x000001ecc3bc2720, 0x000001ecc3bc2838]
Event: 11.726 Thread 0x000001ecd5848000  710       3       javax.swing.JComponent::getX (5 bytes)
Event: 11.727 Thread 0x000001ecd5848000 nmethod 710 0x000001ecc3bc2890 code [0x000001ecc3bc29e0, 0x000001ecc3bc2b58]
Event: 11.727 Thread 0x000001ecd5848000  711       3       javax.swing.JComponent::getY (5 bytes)
Event: 11.728 Thread 0x000001ecd5848000 nmethod 711 0x000001ecc3bc2bd0 code [0x000001ecc3bc2d20, 0x000001ecc3bc2e98]

GC Heap History (0 events):
No events

Deoptimization events (4 events):
Event: 7.738 Thread 0x000001ecd73b9800 Uncommon trap: reason=unstable_if action=reinterpret pc=0x000001ecc3b3036c method=java.awt.Component.inside(II)Z @ 1
Event: 8.738 Thread 0x000001ecd73b9800 Uncommon trap: reason=class_check action=maybe_recompile pc=0x000001ecc3a713a0 method=java.lang.String.equals(Ljava/lang/Object;)Z @ 8
Event: 8.738 Thread 0x000001ecd73b9800 Uncommon trap: reason=class_check action=maybe_recompile pc=0x000001ecc3a713a0 method=java.lang.String.equals(Ljava/lang/Object;)Z @ 8
Event: 8.738 Thread 0x000001ecd73b9800 Uncommon trap: reason=class_check action=maybe_recompile pc=0x000001ecc3a713a0 method=java.lang.String.equals(Ljava/lang/Object;)Z @ 8

Classes redefined (0 events):
No events

Internal exceptions (10 events):
Event: 3.471 Thread 0x000001ecc1f02800 Exception <a 'java/security/PrivilegedActionException'> (0x00000000f0d07a40) thrown at [C:\jenkins\workspace\8-2-build-windows-amd64-cygwin\jdk8u261\295\hotspot\src\share\vm\prims\jvm.cpp, line 1512]
Event: 3.472 Thread 0x000001ecc1f02800 Exception <a 'java/security/PrivilegedActionException'> (0x00000000f0d07c50) thrown at [C:\jenkins\workspace\8-2-build-windows-amd64-cygwin\jdk8u261\295\hotspot\src\share\vm\prims\jvm.cpp, line 1512]
Event: 3.476 Thread 0x000001ecc1f02800 Exception <a 'java/security/PrivilegedActionException'> (0x00000000f0d0bb60) thrown at [C:\jenkins\workspace\8-2-build-windows-amd64-cygwin\jdk8u261\295\hotspot\src\share\vm\prims\jvm.cpp, line 1512]
Event: 3.476 Thread 0x000001ecc1f02800 Exception <a 'java/security/PrivilegedActionException'> (0x00000000f0d0bd70) thrown at [C:\jenkins\workspace\8-2-build-windows-amd64-cygwin\jdk8u261\295\hotspot\src\share\vm\prims\jvm.cpp, line 1512]
Event: 3.500 Thread 0x000001ecc1f02800 Exception <a 'java/io/FileNotFoundException'> (0x00000000f0d11a18) thrown at [C:\jenkins\workspace\8-2-build-windows-amd64-cygwin\jdk8u261\295\hotspot\src\share\vm\prims\jni.cpp, line 710]
Event: 3.636 Thread 0x000001ecc1f02800 Exception <a 'java/lang/NoSuchFieldError': method resolution failed> (0x00000000f0de3140) thrown at [C:\jenkins\workspace\8-2-build-windows-amd64-cygwin\jdk8u261\295\hotspot\src\share\vm\prims\methodHandles.cpp, line 1169]
Event: 3.640 Thread 0x000001ecc1f02800 Exception <a 'java/lang/NoSuchFieldError': method resolution failed> (0x00000000f0df07a0) thrown at [C:\jenkins\workspace\8-2-build-windows-amd64-cygwin\jdk8u261\295\hotspot\src\share\vm\prims\methodHandles.cpp, line 1169]
Event: 3.791 Thread 0x000001ecc1f02800 Exception <a 'java/io/FileNotFoundException'> (0x00000000f0e89ec0) thrown at [C:\jenkins\workspace\8-2-build-windows-amd64-cygwin\jdk8u261\295\hotspot\src\share\vm\prims\jni.cpp, line 710]
Event: 7.093 Thread 0x000001ecd73b9800 Exception <a 'java/io/FileNotFoundException'> (0x00000000f11b1ec0) thrown at [C:\jenkins\workspace\8-2-build-windows-amd64-cygwin\jdk8u261\295\hotspot\src\share\vm\prims\jni.cpp, line 710]
Event: 7.115 Thread 0x000001ecd73b9800 Exception <a 'java/io/FileNotFoundException'> (0x00000000f11c8900) thrown at [C:\jenkins\workspace\8-2-build-windows-amd64-cygwin\jdk8u261\295\hotspot\src\share\vm\prims\jni.cpp, line 710]

Events (10 events):
Event: 12.373 Executing VM operation: GetOrSetLocal
Event: 12.373 Executing VM operation: GetOrSetLocal done
Event: 15.112 Executing VM operation: EnterInterpOnlyMode
Event: 15.112 Executing VM operation: EnterInterpOnlyMode done
Event: 15.112 Executing VM operation: GetCurrentLocation
Event: 15.112 Executing VM operation: GetCurrentLocation done
Event: 15.112 Executing VM operation: ChangeSingleStep
Event: 15.112 Executing VM operation: ChangeSingleStep done
Event: 15.115 Executing VM operation: ChangeSingleStep
Event: 15.115 Executing VM operation: ChangeSingleStep done


Dynamic libraries:
0x00007ff602490000 - 0x00007ff6024d7000 	C:\Program Files\Java\jdk1.8.0_261\bin\java.exe
0x00007ffb23c80000 - 0x00007ffb23e70000 	C:\WINDOWS\SYSTEM32\ntdll.dll
0x00007ffb22520000 - 0x00007ffb225d2000 	C:\WINDOWS\System32\KERNEL32.DLL
0x00007ffb219e0000 - 0x00007ffb21c85000 	C:\WINDOWS\System32\KERNELBASE.dll
0x00007ffb23630000 - 0x00007ffb236d3000 	C:\WINDOWS\System32\ADVAPI32.dll
0x00007ffb23ba0000 - 0x00007ffb23c3e000 	C:\WINDOWS\System32\msvcrt.dll
0x00007ffb236e0000 - 0x00007ffb23777000 	C:\WINDOWS\System32\sechost.dll
0x00007ffb23510000 - 0x00007ffb23630000 	C:\WINDOWS\System32\RPCRT4.dll
0x00007ffb239a0000 - 0x00007ffb23b34000 	C:\WINDOWS\System32\USER32.dll
0x00007ffb21d00000 - 0x00007ffb21d21000 	C:\WINDOWS\System32\win32u.dll
0x00007ffb21f60000 - 0x00007ffb21f86000 	C:\WINDOWS\System32\GDI32.dll
0x00007ffb21840000 - 0x00007ffb219d6000 	C:\WINDOWS\System32\gdi32full.dll
0x00007ffb20d40000 - 0x00007ffb20dde000 	C:\WINDOWS\System32\msvcp_win.dll
0x00007ffb21560000 - 0x00007ffb2165a000 	C:\WINDOWS\System32\ucrtbase.dll
0x00007ffb0d5f0000 - 0x00007ffb0d874000 	C:\WINDOWS\WinSxS\amd64_microsoft.windows.common-controls_6595b64144ccf1df_6.0.18362.1139_none_9e7bf2d3e4605ac6\COMCTL32.dll
0x00007ffb221e0000 - 0x00007ffb22515000 	C:\WINDOWS\System32\combase.dll
0x00007ffb20c10000 - 0x00007ffb20c90000 	C:\WINDOWS\System32\bcryptPrimitives.dll
0x00007ffb23330000 - 0x00007ffb2335e000 	C:\WINDOWS\System32\IMM32.DLL
0x00007ffb1bbf0000 - 0x00007ffb1bc05000 	C:\Program Files\Java\jdk1.8.0_261\jre\bin\vcruntime140.dll
0x00007ffb0d4b0000 - 0x00007ffb0d54b000 	C:\Program Files\Java\jdk1.8.0_261\jre\bin\msvcp140.dll
0x0000000051520000 - 0x0000000051d8c000 	C:\Program Files\Java\jdk1.8.0_261\jre\bin\server\jvm.dll
0x00007ffb23780000 - 0x00007ffb23788000 	C:\WINDOWS\System32\PSAPI.DLL
0x00007ffb1bc10000 - 0x00007ffb1bc19000 	C:\WINDOWS\SYSTEM32\WSOCK32.dll
0x00007ffb21db0000 - 0x00007ffb21e1f000 	C:\WINDOWS\System32\WS2_32.dll
0x00007ffb1ec40000 - 0x00007ffb1ec64000 	C:\WINDOWS\SYSTEM32\WINMM.dll
0x00007ffb17900000 - 0x00007ffb1790a000 	C:\WINDOWS\SYSTEM32\VERSION.dll
0x00007ffb1ec10000 - 0x00007ffb1ec3d000 	C:\WINDOWS\SYSTEM32\WINMMBASE.dll
0x00007ffb21cb0000 - 0x00007ffb21cfa000 	C:\WINDOWS\System32\cfgmgr32.dll
0x00007ffb20ba0000 - 0x00007ffb20bb1000 	C:\WINDOWS\System32\kernel.appcore.dll
0x00007ffb1bb90000 - 0x00007ffb1bba0000 	C:\Program Files\Java\jdk1.8.0_261\jre\bin\verify.dll
0x00007ffb1b8e0000 - 0x00007ffb1b90b000 	C:\Program Files\Java\jdk1.8.0_261\jre\bin\java.dll
0x00007ffb0bc10000 - 0x00007ffb0bc46000 	C:\Program Files\Java\jdk1.8.0_261\jre\bin\jdwp.dll
0x00007ffb16130000 - 0x00007ffb16139000 	C:\Program Files\Java\jdk1.8.0_261\jre\bin\npt.dll
0x00007ffb1a880000 - 0x00007ffb1a898000 	C:\Program Files\Java\jdk1.8.0_261\jre\bin\zip.dll
0x00007ffb22b30000 - 0x00007ffb23217000 	C:\WINDOWS\System32\SHELL32.dll
0x00007ffb23220000 - 0x00007ffb232c9000 	C:\WINDOWS\System32\shcore.dll
0x00007ffb20de0000 - 0x00007ffb21560000 	C:\WINDOWS\System32\windows.storage.dll
0x00007ffb20bc0000 - 0x00007ffb20be3000 	C:\WINDOWS\System32\profapi.dll
0x00007ffb20b50000 - 0x00007ffb20b9a000 	C:\WINDOWS\System32\powrprof.dll
0x00007ffb20b40000 - 0x00007ffb20b50000 	C:\WINDOWS\System32\UMPDC.dll
0x00007ffb21e30000 - 0x00007ffb21e82000 	C:\WINDOWS\System32\shlwapi.dll
0x00007ffb21c90000 - 0x00007ffb21ca7000 	C:\WINDOWS\System32\cryptsp.dll
0x00007ffb16210000 - 0x00007ffb1621b000 	C:\Program Files\Java\jdk1.8.0_261\jre\bin\dt_shmem.dll
0x00007ffb16d00000 - 0x00007ffb16e94000 	C:\Program Files\Java\jdk1.8.0_261\jre\bin\awt.dll
0x00007ffb225f0000 - 0x00007ffb226b5000 	C:\WINDOWS\System32\OLEAUT32.dll
0x00007ffb1e8e0000 - 0x00007ffb1e96f000 	C:\WINDOWS\SYSTEM32\apphelp.dll
0x00007ffb1f490000 - 0x00007ffb1f4bd000 	C:\WINDOWS\system32\DWMAPI.DLL
0x00007ffb1edf0000 - 0x00007ffb1ee89000 	C:\WINDOWS\system32\uxtheme.dll
0x00007ffb0d350000 - 0x00007ffb0d4a6000 	C:\WINDOWS\system32\opengl32.dll
0x00007ffb1a040000 - 0x00007ffb1a06c000 	C:\WINDOWS\SYSTEM32\GLU32.dll
0x00007ffb1f790000 - 0x00007ffb1f7b0000 	C:\WINDOWS\SYSTEM32\dxcore.dll
0x00007ffb23360000 - 0x00007ffb23495000 	C:\WINDOWS\System32\MSCTF.dll
0x00007ffb23790000 - 0x00007ffb238e7000 	C:\WINDOWS\System32\ole32.dll
0x00007ffb12290000 - 0x00007ffb122d9000 	C:\Program Files\Java\jdk1.8.0_261\jre\bin\fontmanager.dll
0x00007ffb1a1e0000 - 0x00007ffb1a1fc000 	C:\Program Files\Java\jdk1.8.0_261\jre\bin\net.dll
0x00007ffb20390000 - 0x00007ffb203f7000 	C:\WINDOWS\system32\mswsock.dll
0x00007ffb1a0b0000 - 0x00007ffb1a0c3000 	C:\Program Files\Java\jdk1.8.0_261\jre\bin\nio.dll
0x00007ffb11d40000 - 0x00007ffb11d83000 	C:\Program Files\Java\jdk1.8.0_261\jre\bin\t2k.dll
0x00007ffb238f0000 - 0x00007ffb23992000 	C:\WINDOWS\System32\clbcatq.dll
0x00007ffb1b910000 - 0x00007ffb1babf000 	C:\WINDOWS\SYSTEM32\WindowsCodecs.dll
0x00007ffb08bf0000 - 0x00007ffb08c2a000 	C:\WINDOWS\system32\dataexchange.dll
0x00007ffb1dfe0000 - 0x00007ffb1e1bd000 	C:\WINDOWS\system32\dcomp.dll
0x00007ffb1dd80000 - 0x00007ffb1dfdb000 	C:\WINDOWS\system32\d3d11.dll
0x00007ffb1f820000 - 0x00007ffb1f90b000 	C:\WINDOWS\system32\dxgi.dll
0x00007ffb1ef60000 - 0x00007ffb1f1c2000 	C:\WINDOWS\system32\twinapi.appcore.dll
0x00007ffb1f3a0000 - 0x00007ffb1f3c9000 	C:\WINDOWS\system32\RMCLIENT.dll
0x00007ffb0f970000 - 0x00007ffb0fa0e000 	C:\WINDOWS\System32\TextInputFramework.dll
0x00007ffb1bec0000 - 0x00007ffb1c1ea000 	C:\WINDOWS\System32\CoreUIComponents.dll
0x00007ffb1e530000 - 0x00007ffb1e604000 	C:\WINDOWS\System32\CoreMessaging.dll
0x00007ffb1c6c0000 - 0x00007ffb1c813000 	C:\WINDOWS\SYSTEM32\wintypes.dll
0x00007ffb1fb80000 - 0x00007ffb1fbb1000 	C:\WINDOWS\SYSTEM32\ntmarta.dll
0x00007ffb109b0000 - 0x00007ffb10c57000 	C:\WINDOWS\System32\iertutil.dll
0x0000000180000000 - 0x0000000180025000 	C:\Program Files\Java\jdk1.8.0_261\jre\bin\rxtxSerial.dll
0x00007ffb13b70000 - 0x00007ffb13d64000 	C:\WINDOWS\SYSTEM32\dbghelp.dll

VM Arguments:
jvm_args: -Xdebug -Xrunjdwp:transport=dt_shmem,address=javadebug9711 -Dfile.encoding=UTF-8 
java_command: tela.NovaTela
java_class_path (initial): C:\Users\Bruno\Desktop\RXTXcomm.jar;C:\Users\Bruno\Documents\NetBeansProjects\Etiquetando\build\classes
Launcher Type: SUN_STANDARD

Environment Variables:
JAVA_HOME=C:\Program Files\jdk-14
PATH=C:\WINDOWS\System32;C:\Program Files\jdk-14\bin;C:\Users\Bruno\AppData\Local\Microsoft\WindowsApps;C:\Users\Bruno\AppData\Local\GitHubDesktop\bin
USERNAME=Bruno
OS=Windows_NT
PROCESSOR_IDENTIFIER=Intel64 Family 6 Model 42 Stepping 7, GenuineIntel



---------------  S Y S T E M  ---------------

OS: Windows 10.0 , 64 bit Build 18362 (10.0.18362.1110)

CPU:total 4 (initial active 4) (2 cores per cpu, 2 threads per core) family 6 model 42 stepping 7, cmov, cx8, fxsr, mmx, sse, sse2, sse3, ssse3, sse4.1, sse4.2, popcnt, avx, aes, clmul, ht, tsc, tscinvbit

Memory: 4k page, physical 2994028k(675008k free), swap 6139756k(3074692k free)

vm_info: Java HotSpot(TM) 64-Bit Server VM (25.261-b12) for windows-amd64 JRE (1.8.0_261-b12), built on Jun 18 2020 06:56:32 by "" with unknown MS VC++:1916

time: Tue Oct 20 12:01:05 2020
timezone: Hora oficial do Brasil
elapsed time: 15 seconds (0d 0h 0m 15s)

