#
# A fatal error has been detected by the Java Runtime Environment:
#
#  EXCEPTION_ACCESS_VIOLATION (0xc0000005) at pc=0x0000000180003990, pid=6508, tid=0x0000000000001234
#
# JRE version: Java(TM) SE Runtime Environment (8.0_261-b12) (build 1.8.0_261-b12)
# Java VM: Java HotSpot(TM) 64-Bit Server VM (25.261-b12 mixed mode windows-amd64 compressed oops)
# Problematic frame:
# C  [rxtxSerial.dll+0x3990]
#
# Failed to write core dump. Minidumps are not enabled by default on client versions of Windows
#
# If you would like to submit a bug report, please visit:
#   http://bugreport.java.com/bugreport/crash.jsp
# The crash happened outside the Java Virtual Machine in native code.
# See problematic frame for where to report the bug.
#

---------------  T H R E A D  ---------------

Current thread (0x000001fa7f10d800):  JavaThread "Thread-3" [_thread_in_native, id=4660, stack(0x0000007c8ae00000,0x0000007c8af00000)]

siginfo: ExceptionCode=0xc0000005, reading address 0xffffffff8adff178

Registers:
RAX=0x000000008adff170, RBX=0x0000000000000000, RCX=0x000000018001d4d5, RDX=0xfffffffffffff665
RSP=0x0000007c8aeff1f0, RBP=0x00000000ffffffff, RSI=0x0000000000000001, RDI=0x0000000000000000
R8 =0x0000000000000002, R9 =0xfffffffffffff63c, R10=0x000001fa7f12ace0, R11=0x8101010101010100
R12=0xffffffff8adff170, R13=0x0000000000000001, R14=0x0000000000000001, R15=0x0000000000000000
RIP=0x0000000180003990, EFLAGS=0x0000000000010202

Top of Stack: (sp=0x0000007c8aeff1f0)
0x0000007c8aeff1f0:   0000000000000000 0000007c8aeff3c0
0x0000007c8aeff200:   0000000000000001 0000000000000000
0x0000007c8aeff210:   000001fa7f10d800 00000000ffffffff
0x0000007c8aeff220:   0000000000000001 0000000000000000
0x0000007c8aeff230:   000001fa7f10d9f8 0000000000000001
0x0000007c8aeff240:   0000007c8aeff3c0 000000018000535a
0x0000007c8aeff250:   000001fa7f328010 0000007c8aeff3c0
0x0000007c8aeff260:   0000000000000001 000001fa7f328010
0x0000007c8aeff270:   0000007c00000001 00000000ffffffff
0x0000007c8aeff280:   0000007c8aeff3c8 0000000000000000
0x0000007c8aeff290:   000001fa7f8f6fc8 000001fa7d54f710
0x0000007c8aeff2a0:   000001fa7f8f6fc8 000001fa7f10d800
0x0000007c8aeff2b0:   000001fa7f8f6fc8 000001fa7f10d800
0x0000007c8aeff2c0:   000001fa00007e80 0000a690ab81b92b
0x0000007c8aeff2d0:   0000007c8aeff3c8 000001fa7f8f6fc0
0x0000007c8aeff2e0:   0000000000000000 000001fa00007e80 

Instructions: (pc=0x0000000180003990)
0x0000000180003970:   00 44 8b fb 8b fb e8 95 fe ff ff 8b ac 24 88 00
0x0000000180003980:   00 00 44 8b b4 24 80 00 00 00 4c 63 e0 41 8b f6
0x0000000180003990:   45 8b 6c 24 08 41 89 5c 24 08 85 ed 78 09 ff 15
0x00000001800039a0:   5c 36 01 00 44 8b f8 45 85 f6 7e 4d 0f 1f 40 00 


Register to memory mapping:

RAX=0x000000008adff170 is an unknown value
RBX=0x0000000000000000 is an unknown value
RCX=0x000000018001d4d5 is an unknown value
RDX=0xfffffffffffff665 is an unknown value
RSP=0x0000007c8aeff1f0 is pointing into the stack for thread: 0x000001fa7f10d800
RBP=0x00000000ffffffff is an unallocated location in the heap
RSI=0x0000000000000001 is an unknown value
RDI=0x0000000000000000 is an unknown value
R8 =0x0000000000000002 is an unknown value
R9 =0xfffffffffffff63c is an unknown value
R10=0x000001fa7f12ace0 is an unknown value
R11=0x8101010101010100 is an unknown value
R12=0xffffffff8adff170 is an unknown value
R13=0x0000000000000001 is an unknown value
R14=0x0000000000000001 is an unknown value
R15=0x0000000000000000 is an unknown value


Stack: [0x0000007c8ae00000,0x0000007c8af00000],  sp=0x0000007c8aeff1f0,  free space=1020k
Native frames: (J=compiled Java code, j=interpreted, Vv=VM code, C=native code)
C  [rxtxSerial.dll+0x3990]
C  [rxtxSerial.dll+0x535a]
C  0x000001fa00024c47

Java frames: (J=compiled Java code, j=interpreted, Vv=VM code)
j  gnu.io.RXTXPort.readArray([BII)I+0
j  gnu.io.RXTXPort$SerialInputStream.read([BII)I+212
j  gnu.io.RXTXPort$SerialInputStream.read([B)I+60
j  controle.PortaSerial$SerialReader.run()V+11
j  java.lang.Thread.run()V+11
v  ~StubRoutines::call_stub

---------------  P R O C E S S  ---------------

Java Threads: ( => current thread )
=>0x000001fa7f10d800 JavaThread "Thread-3" [_thread_in_native, id=4660, stack(0x0000007c8ae00000,0x0000007c8af00000)]
  0x000001fa7f109800 JavaThread "Thread-2" [_thread_in_native, id=6772, stack(0x0000007c8ad00000,0x0000007c8ae00000)]
  0x000001fa7f07f000 JavaThread "org.netbeans.modules.debugger.jpda.visual AWT Access Loop" daemon [_thread_blocked, id=7052, stack(0x0000007c8ac00000,0x0000007c8ad00000)]
  0x000001fa78d62800 JavaThread "DestroyJavaVM" [_thread_blocked, id=6572, stack(0x0000007c89200000,0x0000007c89300000)]
  0x000001fa7f015000 JavaThread "AWT-EventQueue-0" [_thread_blocked, id=1296, stack(0x0000007c8a800000,0x0000007c8a900000)]
  0x000001fa7e3b6000 JavaThread "AWT-Windows" daemon [_thread_in_native, id=6452, stack(0x0000007c8a700000,0x0000007c8a800000)]
  0x000001fa7e3b2000 JavaThread "AWT-Shutdown" [_thread_blocked, id=6524, stack(0x0000007c8a600000,0x0000007c8a700000)]
  0x000001fa7e3ac000 JavaThread "Java2D Disposer" daemon [_thread_blocked, id=1864, stack(0x0000007c8a500000,0x0000007c8a600000)]
  0x000001fa7d5ae000 JavaThread "Service Thread" daemon [_thread_blocked, id=6464, stack(0x0000007c8a300000,0x0000007c8a400000)]
  0x000001fa7d525000 JavaThread "C1 CompilerThread2" daemon [_thread_blocked, id=6172, stack(0x0000007c8a200000,0x0000007c8a300000)]
  0x000001fa7d51f000 JavaThread "C2 CompilerThread1" daemon [_thread_blocked, id=2016, stack(0x0000007c8a100000,0x0000007c8a200000)]
  0x000001fa7d51a000 JavaThread "C2 CompilerThread0" daemon [_thread_blocked, id=2848, stack(0x0000007c8a000000,0x0000007c8a100000)]
  0x000001fa7d50c000 JavaThread "JDWP Command Reader" daemon [_thread_in_native, id=840, stack(0x0000007c89f00000,0x0000007c8a000000)]
  0x000001fa7d508800 JavaThread "JDWP Event Helper Thread" daemon [_thread_blocked, id=3380, stack(0x0000007c89e00000,0x0000007c89f00000)]
  0x000001fa7d506000 JavaThread "JDWP Transport Listener: dt_shmem" daemon [_thread_blocked, id=700, stack(0x0000007c89d00000,0x0000007c89e00000)]
  0x000001fa7d4f6800 JavaThread "Attach Listener" daemon [_thread_blocked, id=4808, stack(0x0000007c89c00000,0x0000007c89d00000)]
  0x000001fa7d4f5800 JavaThread "Signal Dispatcher" daemon [_thread_blocked, id=3472, stack(0x0000007c89b00000,0x0000007c89c00000)]
  0x000001fa7cd84800 JavaThread "Finalizer" daemon [_thread_blocked, id=6864, stack(0x0000007c89900000,0x0000007c89a00000)]
  0x000001fa7d4d6800 JavaThread "Reference Handler" daemon [_thread_blocked, id=5228, stack(0x0000007c89800000,0x0000007c89900000)]

Other Threads:
  0x000001fa7d4b4000 VMThread [stack: 0x0000007c89700000,0x0000007c89800000] [id=6624]
  0x000001fa7d5b7000 WatcherThread [stack: 0x0000007c8a400000,0x0000007c8a500000] [id=4912]

VM state:not at safepoint (normal execution)

VM Mutex/Monitor currently owned by a thread: None

heap address: 0x00000000d2400000, size: 732 MB, Compressed Oops mode: 32-bit
Narrow klass base: 0x0000000000000000, Narrow klass shift: 3
Compressed class space size: 1073741824 Address: 0x0000000100000000

Heap:
 PSYoungGen      total 13824K, used 7499K [0x00000000f0c00000, 0x00000000f1b00000, 0x0000000100000000)
  eden space 12288K, 61% used [0x00000000f0c00000,0x00000000f1352c60,0x00000000f1800000)
  from space 1536K, 0% used [0x00000000f1980000,0x00000000f1980000,0x00000000f1b00000)
  to   space 1536K, 0% used [0x00000000f1800000,0x00000000f1800000,0x00000000f1980000)
 ParOldGen       total 31744K, used 0K [0x00000000d2400000, 0x00000000d4300000, 0x00000000f0c00000)
  object space 31744K, 0% used [0x00000000d2400000,0x00000000d2400000,0x00000000d4300000)
 Metaspace       used 11189K, capacity 11424K, committed 11776K, reserved 1058816K
  class space    used 1365K, capacity 1462K, committed 1536K, reserved 1048576K

Card table byte_map: [0x000001fa7aad0000,0x000001fa7ac40000] byte_map_base: 0x000001fa7a43e000

Marking Bits: (ParMarkBitMap*) 0x000000005ead4fb0
 Begin Bits: [0x000001fa7ac40000, 0x000001fa7b7b0000)
 End Bits:   [0x000001fa7b7b0000, 0x000001fa7c320000)

Polling page: 0x000001fa78c70000

CodeCache: size=245760Kb used=2835Kb max_used=2835Kb free=242924Kb
 bounds [0x000001fa00000000, 0x000001fa002d0000, 0x000001fa0f000000]
 total_blobs=1166 nmethods=691 adapters=396
 compilation: enabled

Compilation events (10 events):
Event: 4.710 Thread 0x000001fa7d525000  688       1       java.util.Collections$EmptyList::isEmpty (2 bytes)
Event: 4.710 Thread 0x000001fa7d525000 nmethod 688 0x000001fa002b9cd0 code [0x000001fa002b9e20, 0x000001fa002b9f38]
Event: 4.710 Thread 0x000001fa7d525000  689       1       javax.swing.RepaintManager::isDoubleBufferingEnabled (5 bytes)
Event: 4.710 Thread 0x000001fa7d525000 nmethod 689 0x000001fa002b9a10 code [0x000001fa002b9b60, 0x000001fa002b9c78]
Event: 4.710 Thread 0x000001fa7d525000  686       3       sun.awt.windows.WToolkit::showOrHideTouchKeyboard (199 bytes)
Event: 4.713 Thread 0x000001fa7d525000 nmethod 686 0x000001fa002bfa50 code [0x000001fa002bfd80, 0x000001fa002c1d20]
Event: 4.713 Thread 0x000001fa7d525000  690   !   3       javax.swing.RepaintManager::addDirtyRegion0 (205 bytes)
Event: 4.717 Thread 0x000001fa7d525000 nmethod 690 0x000001fa002c2850 code [0x000001fa002c2b20, 0x000001fa002c4770]
Event: 7.005 Thread 0x000001fa7d525000  691       1       sun.java2d.SurfaceData::getDefaultScale (2 bytes)
Event: 7.005 Thread 0x000001fa7d525000 nmethod 691 0x000001fa002c5350 code [0x000001fa002c54a0, 0x000001fa002c55b8]

GC Heap History (0 events):
No events

Deoptimization events (3 events):
Event: 4.691 Thread 0x000001fa7f015000 Uncommon trap: reason=class_check action=maybe_recompile pc=0x000001fa001844a0 method=java.lang.String.equals(Ljava/lang/Object;)Z @ 8
Event: 4.691 Thread 0x000001fa7f015000 Uncommon trap: reason=class_check action=maybe_recompile pc=0x000001fa001844a0 method=java.lang.String.equals(Ljava/lang/Object;)Z @ 8
Event: 4.691 Thread 0x000001fa7f015000 Uncommon trap: reason=class_check action=maybe_recompile pc=0x000001fa001844a0 method=java.lang.String.equals(Ljava/lang/Object;)Z @ 8

Classes redefined (0 events):
No events

Internal exceptions (10 events):
Event: 0.190 Thread 0x000001fa78d62800 Exception <a 'java/security/PrivilegedActionException'> (0x00000000f0d07a40) thrown at [C:\jenkins\workspace\8-2-build-windows-amd64-cygwin\jdk8u261\295\hotspot\src\share\vm\prims\jvm.cpp, line 1512]
Event: 0.190 Thread 0x000001fa78d62800 Exception <a 'java/security/PrivilegedActionException'> (0x00000000f0d07c50) thrown at [C:\jenkins\workspace\8-2-build-windows-amd64-cygwin\jdk8u261\295\hotspot\src\share\vm\prims\jvm.cpp, line 1512]
Event: 0.192 Thread 0x000001fa78d62800 Exception <a 'java/security/PrivilegedActionException'> (0x00000000f0d0bb60) thrown at [C:\jenkins\workspace\8-2-build-windows-amd64-cygwin\jdk8u261\295\hotspot\src\share\vm\prims\jvm.cpp, line 1512]
Event: 0.192 Thread 0x000001fa78d62800 Exception <a 'java/security/PrivilegedActionException'> (0x00000000f0d0bd70) thrown at [C:\jenkins\workspace\8-2-build-windows-amd64-cygwin\jdk8u261\295\hotspot\src\share\vm\prims\jvm.cpp, line 1512]
Event: 0.200 Thread 0x000001fa78d62800 Exception <a 'java/io/FileNotFoundException'> (0x00000000f0d11a18) thrown at [C:\jenkins\workspace\8-2-build-windows-amd64-cygwin\jdk8u261\295\hotspot\src\share\vm\prims\jni.cpp, line 710]
Event: 0.304 Thread 0x000001fa78d62800 Exception <a 'java/lang/NoSuchFieldError': method resolution failed> (0x00000000f0de3140) thrown at [C:\jenkins\workspace\8-2-build-windows-amd64-cygwin\jdk8u261\295\hotspot\src\share\vm\prims\methodHandles.cpp, line 1169]
Event: 0.310 Thread 0x000001fa78d62800 Exception <a 'java/lang/NoSuchFieldError': method resolution failed> (0x00000000f0df07a0) thrown at [C:\jenkins\workspace\8-2-build-windows-amd64-cygwin\jdk8u261\295\hotspot\src\share\vm\prims\methodHandles.cpp, line 1169]
Event: 0.396 Thread 0x000001fa78d62800 Exception <a 'java/io/FileNotFoundException'> (0x00000000f0e89ab8) thrown at [C:\jenkins\workspace\8-2-build-windows-amd64-cygwin\jdk8u261\295\hotspot\src\share\vm\prims\jni.cpp, line 710]
Event: 2.774 Thread 0x000001fa7f015000 Exception <a 'java/io/FileNotFoundException'> (0x00000000f11c9a08) thrown at [C:\jenkins\workspace\8-2-build-windows-amd64-cygwin\jdk8u261\295\hotspot\src\share\vm\prims\jni.cpp, line 710]
Event: 2.789 Thread 0x000001fa7f015000 Exception <a 'java/io/FileNotFoundException'> (0x00000000f11e0460) thrown at [C:\jenkins\workspace\8-2-build-windows-amd64-cygwin\jdk8u261\295\hotspot\src\share\vm\prims\jni.cpp, line 710]

Events (10 events):
Event: 7.379 Executing VM operation: GetOrSetLocal done
Event: 7.918 Thread 0x000001fa7f11f000 Thread exited: 0x000001fa7f11f000
Event: 8.055 Executing VM operation: EnterInterpOnlyMode
Event: 8.055 Executing VM operation: EnterInterpOnlyMode done
Event: 8.056 Executing VM operation: GetCurrentLocation
Event: 8.056 Executing VM operation: GetCurrentLocation done
Event: 8.056 Executing VM operation: ChangeSingleStep
Event: 8.056 Executing VM operation: ChangeSingleStep done
Event: 8.060 Executing VM operation: ChangeSingleStep
Event: 8.060 Executing VM operation: ChangeSingleStep done


Dynamic libraries:
0x00007ff750180000 - 0x00007ff7501c7000 	C:\Program Files\Java\jdk1.8.0_261\bin\java.exe
0x00007ff817e60000 - 0x00007ff818050000 	C:\WINDOWS\SYSTEM32\ntdll.dll
0x00007ff817510000 - 0x00007ff8175c2000 	C:\WINDOWS\System32\KERNEL32.DLL
0x00007ff814f90000 - 0x00007ff815235000 	C:\WINDOWS\System32\KERNELBASE.dll
0x00007ff817ca0000 - 0x00007ff817d43000 	C:\WINDOWS\System32\ADVAPI32.dll
0x00007ff8163e0000 - 0x00007ff81647e000 	C:\WINDOWS\System32\msvcrt.dll
0x00007ff817010000 - 0x00007ff8170a7000 	C:\WINDOWS\System32\sechost.dll
0x00007ff817160000 - 0x00007ff817280000 	C:\WINDOWS\System32\RPCRT4.dll
0x00007ff817370000 - 0x00007ff817504000 	C:\WINDOWS\System32\USER32.dll
0x00007ff815460000 - 0x00007ff815481000 	C:\WINDOWS\System32\win32u.dll
0x00007ff816480000 - 0x00007ff8164a6000 	C:\WINDOWS\System32\GDI32.dll
0x00007ff8152c0000 - 0x00007ff815456000 	C:\WINDOWS\System32\gdi32full.dll
0x00007ff815540000 - 0x00007ff8155de000 	C:\WINDOWS\System32\msvcp_win.dll
0x00007ff815e10000 - 0x00007ff815f0a000 	C:\WINDOWS\System32\ucrtbase.dll
0x00007ff8024a0000 - 0x00007ff802724000 	C:\WINDOWS\WinSxS\amd64_microsoft.windows.common-controls_6595b64144ccf1df_6.0.18362.1139_none_9e7bf2d3e4605ac6\COMCTL32.dll
0x00007ff816040000 - 0x00007ff816375000 	C:\WINDOWS\System32\combase.dll
0x00007ff815240000 - 0x00007ff8152c0000 	C:\WINDOWS\System32\bcryptPrimitives.dll
0x00007ff8179d0000 - 0x00007ff8179fe000 	C:\WINDOWS\System32\IMM32.DLL
0x00007ff80c870000 - 0x00007ff80c885000 	C:\Program Files\Java\jdk1.8.0_261\jre\bin\vcruntime140.dll
0x00007ff809000000 - 0x00007ff80909b000 	C:\Program Files\Java\jdk1.8.0_261\jre\bin\msvcp140.dll
0x000000005e2e0000 - 0x000000005eb4c000 	C:\Program Files\Java\jdk1.8.0_261\jre\bin\server\jvm.dll
0x00007ff817360000 - 0x00007ff817368000 	C:\WINDOWS\System32\PSAPI.DLL
0x00007ff810c30000 - 0x00007ff810c39000 	C:\WINDOWS\SYSTEM32\WSOCK32.dll
0x00007ff817960000 - 0x00007ff8179cf000 	C:\WINDOWS\System32\WS2_32.dll
0x00007ff812e20000 - 0x00007ff812e44000 	C:\WINDOWS\SYSTEM32\WINMM.dll
0x00007ff80e980000 - 0x00007ff80e98a000 	C:\WINDOWS\SYSTEM32\VERSION.dll
0x00007ff812df0000 - 0x00007ff812e1d000 	C:\WINDOWS\SYSTEM32\WINMMBASE.dll
0x00007ff814f40000 - 0x00007ff814f8a000 	C:\WINDOWS\System32\cfgmgr32.dll
0x00007ff814d60000 - 0x00007ff814d71000 	C:\WINDOWS\System32\kernel.appcore.dll
0x00007ff80d3a0000 - 0x00007ff80d3b0000 	C:\Program Files\Java\jdk1.8.0_261\jre\bin\verify.dll
0x00007ff80a4c0000 - 0x00007ff80a4eb000 	C:\Program Files\Java\jdk1.8.0_261\jre\bin\java.dll
0x00007ff80b000000 - 0x00007ff80b036000 	C:\Program Files\Java\jdk1.8.0_261\jre\bin\jdwp.dll
0x00007ff80af80000 - 0x00007ff80af89000 	C:\Program Files\Java\jdk1.8.0_261\jre\bin\npt.dll
0x00007ff80bd50000 - 0x00007ff80bd68000 	C:\Program Files\Java\jdk1.8.0_261\jre\bin\zip.dll
0x00007ff816920000 - 0x00007ff817007000 	C:\WINDOWS\System32\SHELL32.dll
0x00007ff8170b0000 - 0x00007ff817159000 	C:\WINDOWS\System32\shcore.dll
0x00007ff8155e0000 - 0x00007ff815d60000 	C:\WINDOWS\System32\windows.storage.dll
0x00007ff814d30000 - 0x00007ff814d53000 	C:\WINDOWS\System32\profapi.dll
0x00007ff814da0000 - 0x00007ff814dea000 	C:\WINDOWS\System32\powrprof.dll
0x00007ff814d20000 - 0x00007ff814d30000 	C:\WINDOWS\System32\UMPDC.dll
0x00007ff817280000 - 0x00007ff8172d2000 	C:\WINDOWS\System32\shlwapi.dll
0x00007ff815df0000 - 0x00007ff815e07000 	C:\WINDOWS\System32\cryptsp.dll
0x00007ff80c890000 - 0x00007ff80c89b000 	C:\Program Files\Java\jdk1.8.0_261\jre\bin\dt_shmem.dll
0x00007ffffddb0000 - 0x00007ffffdf44000 	C:\Program Files\Java\jdk1.8.0_261\jre\bin\awt.dll
0x00007ff817a90000 - 0x00007ff817b55000 	C:\WINDOWS\System32\OLEAUT32.dll
0x00007ff812c90000 - 0x00007ff812d1f000 	C:\WINDOWS\SYSTEM32\apphelp.dll
0x00007ff813670000 - 0x00007ff81369d000 	C:\WINDOWS\system32\DWMAPI.DLL
0x00007ff813300000 - 0x00007ff813399000 	C:\WINDOWS\system32\uxtheme.dll
0x00007ffff8130000 - 0x00007ffff8286000 	C:\WINDOWS\system32\opengl32.dll
0x00007ff80a380000 - 0x00007ff80a3ac000 	C:\WINDOWS\SYSTEM32\GLU32.dll
0x00007ff813970000 - 0x00007ff813990000 	C:\WINDOWS\SYSTEM32\dxcore.dll
0x00007ff817b60000 - 0x00007ff817c95000 	C:\WINDOWS\System32\MSCTF.dll
0x00007ff817780000 - 0x00007ff8178d7000 	C:\WINDOWS\System32\ole32.dll
0x00007ff8096a0000 - 0x00007ff8096e9000 	C:\Program Files\Java\jdk1.8.0_261\jre\bin\fontmanager.dll
0x00007ff80a3d0000 - 0x00007ff80a3ec000 	C:\Program Files\Java\jdk1.8.0_261\jre\bin\net.dll
0x00007ff814570000 - 0x00007ff8145d7000 	C:\WINDOWS\system32\mswsock.dll
0x00007ff80a3b0000 - 0x00007ff80a3c3000 	C:\Program Files\Java\jdk1.8.0_261\jre\bin\nio.dll
0x00007ff808fb0000 - 0x00007ff808ff3000 	C:\Program Files\Java\jdk1.8.0_261\jre\bin\t2k.dll
0x00007ff815f70000 - 0x00007ff816012000 	C:\WINDOWS\System32\clbcatq.dll
0x00007ff8107c0000 - 0x00007ff81096f000 	C:\WINDOWS\SYSTEM32\WindowsCodecs.dll
0x00007ffff9e20000 - 0x00007ffff9e5a000 	C:\WINDOWS\system32\dataexchange.dll
0x00007ff811c70000 - 0x00007ff811ecb000 	C:\WINDOWS\system32\d3d11.dll
0x00007ff812420000 - 0x00007ff8125fd000 	C:\WINDOWS\system32\dcomp.dll
0x00007ff813a00000 - 0x00007ff813aeb000 	C:\WINDOWS\system32\dxgi.dll
0x00007ff813070000 - 0x00007ff8132d2000 	C:\WINDOWS\system32\twinapi.appcore.dll
0x00007ff813580000 - 0x00007ff8135a9000 	C:\WINDOWS\system32\RMCLIENT.dll
0x00007ff804870000 - 0x00007ff80490e000 	C:\WINDOWS\System32\TextInputFramework.dll
0x00007ff810c60000 - 0x00007ff810f8a000 	C:\WINDOWS\System32\CoreUIComponents.dll
0x00007ff812600000 - 0x00007ff8126d4000 	C:\WINDOWS\System32\CoreMessaging.dll
0x00007ff810ad0000 - 0x00007ff810c23000 	C:\WINDOWS\SYSTEM32\wintypes.dll
0x00007ff813d60000 - 0x00007ff813d91000 	C:\WINDOWS\SYSTEM32\ntmarta.dll
0x00007ff805b90000 - 0x00007ff805e37000 	C:\WINDOWS\System32\iertutil.dll
0x0000000180000000 - 0x0000000180025000 	C:\Program Files\Java\jdk1.8.0_261\jre\bin\rxtxSerial.dll
0x00007ff807050000 - 0x00007ff807244000 	C:\WINDOWS\SYSTEM32\dbghelp.dll

VM Arguments:
jvm_args: -Xdebug -Xrunjdwp:transport=dt_shmem,address=javadebug -Dfile.encoding=UTF-8 
java_command: tela.NovaTela
java_class_path (initial): C:\Users\Bruno\Desktop\RXTXcomm.jar;C:\Users\Bruno\Documents\NetBeansProjects\Etiquetando\build\classes
Launcher Type: SUN_STANDARD

Environment Variables:
JAVA_HOME=C:\Program Files\jdk-14
PATH=C:\Program Files\jdk-14\bin;C:\Users\Bruno\AppData\Local\Microsoft\WindowsApps;C:\Users\Bruno\AppData\Local\GitHubDesktop\bin
USERNAME=Bruno
OS=Windows_NT
PROCESSOR_IDENTIFIER=Intel64 Family 6 Model 42 Stepping 7, GenuineIntel



---------------  S Y S T E M  ---------------

OS: Windows 10.0 , 64 bit Build 18362 (10.0.18362.1110)

CPU:total 4 (initial active 4) (2 cores per cpu, 2 threads per core) family 6 model 42 stepping 7, cmov, cx8, fxsr, mmx, sse, sse2, sse3, ssse3, sse4.1, sse4.2, popcnt, avx, aes, clmul, ht, tsc, tscinvbit

Memory: 4k page, physical 2994028k(903140k free), swap 6139756k(3550168k free)

vm_info: Java HotSpot(TM) 64-Bit Server VM (25.261-b12) for windows-amd64 JRE (1.8.0_261-b12), built on Jun 18 2020 06:56:32 by "" with unknown MS VC++:1916

time: Tue Oct 20 11:43:50 2020
timezone: Hora oficial do Brasil
elapsed time: 8 seconds (0d 0h 0m 8s)

